------------------------------------------------------------
Creo Simulate Structure Version Q-11-53:spg
Error Report
Fri Apr 17, 2026   22:50:13
------------------------------------------------------------
M_error: Didn't find map array to sort
M_error: Didn't find map array to sort
M_error: Didn't find map array to sort
M_error: Didn't find map array to sort
M_error: Didn't find map array to sort
M_error: Didn't find map array to sort
M_error: Didn't find map array to sort
M_error: Didn't find map array to sort
M_error: Didn't find map array to sort
M_error: Didn't find map array to sort
M_error: Didn't find map array to sort
M_error: Didn't find map array to sort
M_error: Didn't find map array to sort
M_error: Didn't find map array to sort
M_error: Didn't find map array to sort
M_error: Didn't find map array to sort
M_error: Didn't find map array to sort
M_error: Didn't find map array to sort
M_error: Didn't find map array to sort
M_error: Didn't find map array to sort
M_error: Didn't find map array to sort
M_error: Didn't find map array to sort
M_error: Didn't find map array to sort
M_error: Didn't find map array to sort
M_error: Didn't find map array to sort
M_error: Didn't find map array to sort
M_error: Didn't find map array to sort
M_error: Didn't find map array to sort
M_error: Didn't find map array to sort
M_error: Didn't find map array to sort
M_error: Didn't find map array to sort
M_error: Didn't find map array to sort
M_error: Didn't find map array to sort
M_error: Didn't find map array to sort
M_error: Didn't find map array to sort
M_error: Didn't find map array to sort
M_error: Didn't find map array to sort
M_error: Didn't find map array to sort
M_error: Didn't find map array to sort
M_error: Didn't find map array to sort
M_error: Didn't find map array to sort
M_error: Didn't find map array to sort
M_error: Didn't find map array to sort
M_error: Didn't find map array to sort
